<?xml version="1.0" encoding="UTF-8"?>
<testng-results skipped="0" failed="1" ignored="0" total="2" passed="1">
  <reporter-output>
    <line>
      <![CDATA[<a target="_blank" href=Mon_Aug_17_17_25_19_IST_2020.jpg>Screenshot</a>]]>
    </line>
  </reporter-output>
  <suite name="POM" duration-ms="19178" started-at="2020-08-17T11:55:00Z" finished-at="2020-08-17T11:55:19Z">
    <groups>
    </groups>
    <test name="Test" duration-ms="7145" started-at="2020-08-17T11:55:00Z" finished-at="2020-08-17T11:55:07Z">
      <class name="com.simform.testcases.LoginTest">
        <test-method status="PASS" signature="loginTest(java.util.Hashtable)[pri:0, instance:com.simform.testcases.LoginTest@5e81e5ac]" name="loginTest" duration-ms="6923" started-at="2020-08-17T17:25:00Z" data-provider="dp" finished-at="2020-08-17T17:25:07Z">
          <params>
            <param index="0">
              <value>
                <![CDATA[{password=Chatdone*1., runmode=, username=chintansimform980@gmail.com}]]>
              </value>
            </param>
          </params>
          <reporter-output>
          </reporter-output>
        </test-method> <!-- loginTest -->
        <test-method status="PASS" signature="tearDown()[pri:0, instance:com.simform.testcases.LoginTest@5e81e5ac]" name="tearDown" is-config="true" duration-ms="1" started-at="2020-08-17T17:25:07Z" finished-at="2020-08-17T17:25:07Z">
          <reporter-output>
          </reporter-output>
        </test-method> <!-- tearDown -->
      </class> <!-- com.simform.testcases.LoginTest -->
    </test> <!-- Test -->
    <test name="Create Account Test" duration-ms="12021" started-at="2020-08-17T11:55:07Z" finished-at="2020-08-17T11:55:19Z">
      <class name="com.simform.testcases.LoginTest">
        <test-method status="PASS" signature="tearDown()[pri:0, instance:com.simform.testcases.LoginTest@5e81e5ac]" name="tearDown" is-config="true" duration-ms="0" started-at="2020-08-17T17:25:19Z" finished-at="2020-08-17T17:25:19Z">
          <reporter-output>
          </reporter-output>
        </test-method> <!-- tearDown -->
      </class> <!-- com.simform.testcases.LoginTest -->
      <class name="com.simform.testcases.CreateAccountTest">
        <test-method status="FAIL" signature="createAccountTest(java.util.Hashtable)[pri:0, instance:com.simform.testcases.CreateAccountTest@4da602fc]" name="createAccountTest" duration-ms="11599" started-at="2020-08-17T17:25:07Z" data-provider="dp" finished-at="2020-08-17T17:25:19Z">
          <params>
            <param index="0">
              <value>
                <![CDATA[{accountname=Chintan babua}]]>
              </value>
            </param>
          </params>
          <exception class="org.openqa.selenium.ElementClickInterceptedException">
            <message>
              <![CDATA[element click intercepted: Element <a href="/crm/org60005257512/tab/...">Accounts</a> is not clickable at point (367, 26). Other element would receive the click: <div id="freezeBackGround" onclick="javascript:sE(event);" style="display: block; z-index: 30; position: fixed; top: 0px; left: 0px;"></div>
  (Session info: chrome=84.0.4147.125)
Build info: version: '3.141.59', revision: 'e82be7d358', time: '2018-11-14T08:17:03'
System info: host: 'ChintanP.local', ip: 'fe80:0:0:0:828:ac78:9704:be25%en0', os.name: 'Mac OS X', os.arch: 'x86_64', os.version: '10.14.4', java.version: '1.8.0_111'
Driver info: org.openqa.selenium.chrome.ChromeDriver
Capabilities {acceptInsecureCerts: false, browserName: chrome, browserVersion: 84.0.4147.125, chrome: {chromedriverVersion: 83.0.4103.39 (ccbf011cb2d2b..., userDataDir: /var/folders/6_/kx8wyqn93l3...}, goog:chromeOptions: {debuggerAddress: localhost:56241}, javascriptEnabled: true, networkConnectionEnabled: false, pageLoadStrategy: normal, platform: MAC, platformName: MAC, proxy: Proxy(), setWindowRect: true, strictFileInteractability: false, timeouts: {implicit: 0, pageLoad: 300000, script: 30000}, unhandledPromptBehavior: dismiss and notify, webauthn:virtualAuthenticators: true}
Session ID: 3f99c8dd12461d8f53c049e4fdc909bf]]>
            </message>
            <full-stacktrace>
              <![CDATA[org.openqa.selenium.ElementClickInterceptedException: element click intercepted: Element <a href="/crm/org60005257512/tab/...">Accounts</a> is not clickable at point (367, 26). Other element would receive the click: <div id="freezeBackGround" onclick="javascript:sE(event);" style="display: block; z-index: 30; position: fixed; top: 0px; left: 0px;"></div>
  (Session info: chrome=84.0.4147.125)
Build info: version: '3.141.59', revision: 'e82be7d358', time: '2018-11-14T08:17:03'
System info: host: 'ChintanP.local', ip: 'fe80:0:0:0:828:ac78:9704:be25%en0', os.name: 'Mac OS X', os.arch: 'x86_64', os.version: '10.14.4', java.version: '1.8.0_111'
Driver info: org.openqa.selenium.chrome.ChromeDriver
Capabilities {acceptInsecureCerts: false, browserName: chrome, browserVersion: 84.0.4147.125, chrome: {chromedriverVersion: 83.0.4103.39 (ccbf011cb2d2b..., userDataDir: /var/folders/6_/kx8wyqn93l3...}, goog:chromeOptions: {debuggerAddress: localhost:56241}, javascriptEnabled: true, networkConnectionEnabled: false, pageLoadStrategy: normal, platform: MAC, platformName: MAC, proxy: Proxy(), setWindowRect: true, strictFileInteractability: false, timeouts: {implicit: 0, pageLoad: 300000, script: 30000}, unhandledPromptBehavior: dismiss and notify, webauthn:virtualAuthenticators: true}
Session ID: 3f99c8dd12461d8f53c049e4fdc909bf
	at sun.reflect.NativeConstructorAccessorImpl.newInstance0(Native Method)
	at sun.reflect.NativeConstructorAccessorImpl.newInstance(NativeConstructorAccessorImpl.java:62)
	at sun.reflect.DelegatingConstructorAccessorImpl.newInstance(DelegatingConstructorAccessorImpl.java:45)
	at java.lang.reflect.Constructor.newInstance(Constructor.java:423)
	at org.openqa.selenium.remote.http.W3CHttpResponseCodec.createException(W3CHttpResponseCodec.java:187)
	at org.openqa.selenium.remote.http.W3CHttpResponseCodec.decode(W3CHttpResponseCodec.java:122)
	at org.openqa.selenium.remote.http.W3CHttpResponseCodec.decode(W3CHttpResponseCodec.java:49)
	at org.openqa.selenium.remote.HttpCommandExecutor.execute(HttpCommandExecutor.java:158)
	at org.openqa.selenium.remote.service.DriverCommandExecutor.execute(DriverCommandExecutor.java:83)
	at org.openqa.selenium.remote.RemoteWebDriver.execute(RemoteWebDriver.java:552)
	at org.openqa.selenium.remote.RemoteWebElement.execute(RemoteWebElement.java:285)
	at org.openqa.selenium.remote.RemoteWebElement.click(RemoteWebElement.java:84)
	at com.simform.base.TopMenu.gotoAccounts(TopMenu.java:23)
	at com.simform.testcases.CreateAccountTest.createAccountTest(CreateAccountTest.java:21)
	at sun.reflect.NativeMethodAccessorImpl.invoke0(Native Method)
	at sun.reflect.NativeMethodAccessorImpl.invoke(NativeMethodAccessorImpl.java:62)
	at sun.reflect.DelegatingMethodAccessorImpl.invoke(DelegatingMethodAccessorImpl.java:43)
	at java.lang.reflect.Method.invoke(Method.java:498)
	at org.testng.internal.MethodInvocationHelper.invokeMethod(MethodInvocationHelper.java:108)
	at org.testng.internal.Invoker.invokeMethod(Invoker.java:661)
	at org.testng.internal.Invoker.invokeTestMethod(Invoker.java:869)
	at org.testng.internal.Invoker.invokeTestMethods(Invoker.java:1193)
	at org.testng.internal.TestMethodWorker.invokeTestMethods(TestMethodWorker.java:126)
	at org.testng.internal.TestMethodWorker.run(TestMethodWorker.java:109)
	at org.testng.TestRunner.privateRun(TestRunner.java:744)
	at org.testng.TestRunner.run(TestRunner.java:602)
	at org.testng.SuiteRunner.runTest(SuiteRunner.java:380)
	at org.testng.SuiteRunner.runSequentially(SuiteRunner.java:375)
	at org.testng.SuiteRunner.privateRun(SuiteRunner.java:340)
	at org.testng.SuiteRunner.run(SuiteRunner.java:289)
	at org.testng.SuiteRunnerWorker.runSuite(SuiteRunnerWorker.java:52)
	at org.testng.SuiteRunnerWorker.run(SuiteRunnerWorker.java:86)
	at org.testng.TestNG.runSuitesSequentially(TestNG.java:1301)
	at org.testng.TestNG.runSuitesLocally(TestNG.java:1226)
	at org.testng.TestNG.runSuites(TestNG.java:1144)
	at org.testng.TestNG.run(TestNG.java:1115)
	at org.apache.maven.surefire.testng.TestNGExecutor.run(TestNGExecutor.java:295)
	at org.apache.maven.surefire.testng.TestNGXmlTestSuite.execute(TestNGXmlTestSuite.java:84)
	at org.apache.maven.surefire.testng.TestNGProvider.invoke(TestNGProvider.java:90)
	at org.apache.maven.surefire.booter.ForkedBooter.invokeProviderInSameClassLoader(ForkedBooter.java:203)
	at org.apache.maven.surefire.booter.ForkedBooter.runSuitesInProcess(ForkedBooter.java:155)
	at org.apache.maven.surefire.booter.ForkedBooter.main(ForkedBooter.java:103)
]]>
            </full-stacktrace>
          </exception> <!-- org.openqa.selenium.ElementClickInterceptedException -->
          <reporter-output>
            <line>
              <![CDATA[<a target="_blank" href=Mon_Aug_17_17_25_19_IST_2020.jpg>Screenshot</a>]]>
            </line>
          </reporter-output>
        </test-method> <!-- createAccountTest -->
      </class> <!-- com.simform.testcases.CreateAccountTest -->
    </test> <!-- Create Account Test -->
  </suite> <!-- POM -->
</testng-results>
