<?xml version="1.0" encoding="UTF-8"?>
<testng-results skipped="0" failed="0" ignored="0" total="1" passed="1">
  <reporter-output>
  </reporter-output>
  <suite name="POM" duration-ms="8519" started-at="2020-07-20T05:11:19Z" finished-at="2020-07-20T05:11:27Z">
    <groups>
    </groups>
    <test name="Test" duration-ms="8519" started-at="2020-07-20T05:11:19Z" finished-at="2020-07-20T05:11:27Z">
      <class name="com.simform.testcases.LoginTest">
        <test-method status="PASS" signature="loginTest()[pri:0, instance:com.simform.testcases.LoginTest@44828f6b]" name="loginTest" duration-ms="7030" started-at="2020-07-20T10:41:19Z" finished-at="2020-07-20T10:41:26Z">
          <reporter-output>
          </reporter-output>
        </test-method> <!-- loginTest -->
        <test-method status="PASS" signature="tearDown()[pri:0, instance:com.simform.testcases.LoginTest@44828f6b]" name="tearDown" is-config="true" duration-ms="0" started-at="2020-07-20T10:41:27Z" finished-at="2020-07-20T10:41:27Z">
          <reporter-output>
          </reporter-output>
        </test-method> <!-- tearDown -->
        <test-method status="PASS" signature="tearDown()[pri:0, instance:com.simform.testcases.LoginTest@44828f6b]" name="tearDown" is-config="true" duration-ms="1" started-at="2020-07-20T10:41:27Z" finished-at="2020-07-20T10:41:27Z">
          <reporter-output>
          </reporter-output>
        </test-method> <!-- tearDown -->
      </class> <!-- com.simform.testcases.LoginTest -->
    </test> <!-- Test -->
  </suite> <!-- POM -->
</testng-results>
